Finding warriors in ./warriors/


Running 1 tournament iterations of 50 matches

Tournament 1 
--------------------------------------------------------------------------------
  convergence    Vs.      theves      	Score:  (58, 63)
  convergence    Vs.     bygones      	Score:  (100, 100)
  convergence    Vs.     twotats      	Score:  (100, 100)
  convergence    Vs.     schemer      	Score:  (86, 71)
  convergence    Vs.      shark       	Score:  (100, 100)
  convergence    Vs.   lisper_45-16   	Score:  (90, 100)
  convergence    Vs.      random      	Score:  (76, 61)
  convergence    Vs.   t4t-missile    	Score:  (43, 63)
  convergence    Vs.    handshake     	Score:  (42, 62)
  convergence    Vs.  anti-handshake  	Score:  (56, 61)
  convergence    Vs.      devil       	Score:  (44, 59)
  convergence    Vs.     antit42t     	Score:  (47, 57)
  convergence    Vs.     mistrust     	Score:  (97, 102)
  convergence    Vs.     thieves      	Score:  (56, 66)
  convergence    Vs.      pavlov      	Score:  (100, 100)
  convergence    Vs.     tit4tat      	Score:  (100, 100)
  convergence    Vs.      angel       	Score:  (100, 100)
     theves      Vs.     bygones      	Score:  (66, 56)
     theves      Vs.     twotats      	Score:  (66, 56)
     theves      Vs.     schemer      	Score:  (136, -4)
     theves      Vs.      shark       	Score:  (63, 58)
     theves      Vs.   lisper_45-16   	Score:  (55, 55)
    bygones      Vs.     thieves      	Score:  (56, 66)
    bygones      Vs.      pavlov      	Score:  (100, 100)
    bygones      Vs.     tit4tat      	Score:  (100, 100)
    bygones      Vs.      angel       	Score:  (100, 100)
    twotats      Vs.     schemer      	Score:  (52, 122)
    twotats      Vs.      shark       	Score:  (100, 100)
    twotats      Vs.   lisper_45-16   	Score:  (95, 100)
    twotats      Vs.      random      	Score:  (53, 118)
    twotats      Vs.   t4t-missile    	Score:  (33, 118)
    twotats      Vs.    handshake     	Score:  (46, 56)
    twotats      Vs.  anti-handshake  	Score:  (87, 102)
    twotats      Vs.      devil       	Score:  (46, 56)
    twotats      Vs.     antit42t     	Score:  (33, 118)
    twotats      Vs.     mistrust     	Score:  (97, 102)
    twotats      Vs.     thieves      	Score:  (56, 66)
    twotats      Vs.      pavlov      	Score:  (100, 100)
    twotats      Vs.     tit4tat      	Score:  (100, 100)
    twotats      Vs.      angel       	Score:  (100, 100)
    schemer      Vs.      shark       	Score:  (63, 93)
    schemer      Vs.   lisper_45-16   	Score:  (7, 132)
    schemer      Vs.      random      	Score:  (68, 88)
    schemer      Vs.   t4t-missile    	Score:  (17, 122)
  lisper_45-16   Vs.   t4t-missile    	Score:  (48, 58)
  lisper_45-16   Vs.    handshake     	Score:  (42, 62)
  lisper_45-16   Vs.  anti-handshake  	Score:  (51, 56)
  lisper_45-16   Vs.      devil       	Score:  (42, 62)
  lisper_45-16   Vs.     antit42t     	Score:  (48, 58)
  lisper_45-16   Vs.     mistrust     	Score:  (97, 102)
  lisper_45-16   Vs.     thieves      	Score:  (55, 55)
  lisper_45-16   Vs.      pavlov      	Score:  (101, 96)
  lisper_45-16   Vs.     tit4tat      	Score:  (59, 54)
  lisper_45-16   Vs.      angel       	Score:  (192, -38)
     random      Vs.   t4t-missile    	Score:  (21, 116)
     random      Vs.    handshake     	Score:  (-13, 147)
     random      Vs.  anti-handshake  	Score:  (73, 83)
     random      Vs.      devil       	Score:  (-2, 128)
     random      Vs.     antit42t     	Score:  (23, 113)
     random      Vs.     mistrust     	Score:  (78, 78)
     random      Vs.     thieves      	Score:  (7, 122)
     random      Vs.      pavlov      	Score:  (97, 52)
     random      Vs.     tit4tat      	Score:  (79, 74)
     random      Vs.      angel       	Score:  (146, 31)
  t4t-missile    Vs.    handshake     	Score:  (48, 53)
  t4t-missile    Vs.  anti-handshake  	Score:  (57, 47)
     devil       Vs.     antit42t     	Score:  (53, 48)
     devil       Vs.     mistrust     	Score:  (56, 46)
     devil       Vs.     thieves      	Score:  (53, 48)
     devil       Vs.      pavlov      	Score:  (125, 0)
     devil       Vs.     tit4tat      	Score:  (53, 48)
     devil       Vs.      angel       	Score:  (200, -50)
    antit42t        theves      Vs.      random      	Score:  (115, 10)
     theves      Vs.   t4t-missile    	Score:  (49, 54)
     theves      Vs.    handshake     	Score:  (48, 53)
     theves      Vs.  anti-handshake  	Score:  (55, 50)
     theves      Vs.      devil       	Score:  (48, 53)
     theves      Vs.     antit42t     	Score:  (49, 54)
     theves      Vs.     mistrust     	Score:  (54, 49)
     theves      Vs.     thieves      	Score:  (99, 99)
     theves      Vs.      pavlov      	Score:  (120, 20)
     theves      Vs.     tit4tat      	Score:  (63, 58)
     theves      Vs.      angel       	Score:  (180, -20)
    bygones      Vs.     twotats      	Score:  (100, 100)
    bygones      Vs.     schemer      	Score:  (71, 101)
    bygones      Vs.      shark       	Score:  (100, 100)
    bygones      Vs.   lisper_45-16   	Score:  (51, 66)
    bygones      Vs.      random      	Score:  (66, 76)
    bygones      Vs.   t4t-missile    	Score:  (49, 54)
    bygones      Vs.    handshake     	Score:  (48, 53)
    bygones      Vs.  anti-handshake  	Score:  (91, 96)
    bygones      Vs.      devil       	Score:  (48, 53)
    bygones      Vs.     antit42t     	Score:  (49, 54)
    bygones      Vs.     mistrust     	Score:  (99, 99)
    schemer      Vs.    handshake     	Score:  (-10, 140)
    schemer      Vs.  anti-handshake  	Score:  (70, 90)
    schemer      Vs.      devil       	Score:  (-10, 140)
    schemer      Vs.     antit42t     	Score:  (20, 120)
    schemer      Vs.     mistrust     	Score:  (81, 81)
    schemer      Vs.     thieves      	Score:  (-4, 136)
    schemer      Vs.      pavlov      	Score:  (81, 81)
    schemer      Vs.     tit4tat      	Score:  (85, 80)
    schemer      Vs.      angel       	Score:  (140, 40)
     shark       Vs.   lisper_45-16   	Score:  (54, 59)
     shark       Vs.      random      	Score:  (75, 75)
     shark       Vs.   t4t-missile    	Score:  (49, 54)
     shark       Vs.    handshake     	Score:  (48, 53)
     shark       Vs.  anti-handshake  	Score:  (64, 64)
     shark       Vs.      devil       	Score:  (48, 53)
     shark       Vs.     antit42t     	Score:  (49, 54)
     shark       Vs.     mistrust     	Score:  (99, 99)
     shark       Vs.     thieves      	Score:  (58, 63)
     shark       Vs.      pavlov      	Score:  (100, 100)
     shark       Vs.     tit4tat      	Score:  (100, 100)
     shark       Vs.      angel       	Score:  (100, 100)
  lisper_45-16   Vs.      random      	Score:  (120, 10)
  t4t-missile    Vs.      devil       	Score:  (48, 53)
  t4t-missile    Vs.     antit42t     	Score:  (51, 51)
  t4t-missile    Vs.     mistrust     	Score:  (55, 50)
  t4t-missile    Vs.     thieves      	Score:  (54, 49)
  t4t-missile    Vs.      pavlov      	Score:  (126, 1)
  t4t-missile    Vs.     tit4tat      	Score:  (54, 49)
  t4t-missile    Vs.      angel       	Score:  (166, 1)
   handshake     Vs.  anti-handshake  	Score:  (59, 44)
   handshake     Vs.      devil       	Score:  (48, 53)
   handshake     Vs.     antit42t     	Score:  (53, 48)
   handshake     Vs.     mistrust     	Score:  (54, 49)
   handshake     Vs.     thieves      	Score:  (53, 48)
   handshake     Vs.      pavlov      	Score:  (125, 0)
   handshake     Vs.     tit4tat      	Score:  (53, 48)
   handshake     Vs.      angel       	Score:  (200, -50)
 anti-handshake  Vs.      devil       	Score:  (44, 59)
 anti-handshake  Vs.     antit42t     	Score:  (47, 57)
 anti-handshake  Vs.     mistrust     	Score:  (76, 71)
 anti-handshake  Vs.     thieves      	Score:  (50, 55)
 anti-handshake  Vs.      pavlov      	Score:  (73, 63)
 anti-handshake  Vs.     tit4tat      	Score:  (76, 71)
 anti-handshake  Vs.      angel       	Score:  (114, 79)
     theves      Vs.      theves      	Score:  (99, 99)
    bygones      Vs.     bygones      	Score:  (100, 100)
    twotats      Vs.     twotats      	Score:  (100, 100)
    schemer      Vs.     schemer      	Score:  (81, 81)
     shark       Vs.      shark       	Score:  (100, 100)
  lisper_45-16   Vs.   lisper_45-16   	Score:  (99, 99)
     random      Vs.      random  Vs.     mistrust     	Score:  (55, 50)
    antit42t     Vs.     thieves      	Score:  (54, 49)
    antit42t     Vs.      pavlov      	Score:  (126, 1)
    antit42t     Vs.     tit4tat      	Score:  (54, 49)
    antit42t     Vs.      angel       	Score:  (166, 1)
    mistrust     Vs.     thieves      	Score:  (49, 54)
    mistrust     Vs.      pavlov      	Score:  (67, 67)
    mistrust     Vs.     tit4tat      	Score:  (99, 99)
    mistrust     Vs.      angel       	Score:  (102, 97)
    thieves      Vs.      pavlov      	Score:  (120, 20)
    thieves      Vs.     tit4tat      	Score:  (63, 58)
    thieves      Vs.      angel       	Score:  (180, -20)
     pavlov      Vs.     tit4tat      	Score:  (100, 100)
     pavlov      Vs.      angel       	Score:  (100, 100)
    tit4tat      Vs.      angel       	Score:  (100, 100)
  convergence    Vs.   convergence    	Score:  (100, 100)
      	Score:  (58, 93)
  t4t-missile    Vs.   t4t-missile    	Score:  (51, 51)
   handshake     Vs.    handshake     	Score:  (92, 92)
 anti-handshake  Vs.  anti-handshake  	Score:  (53, 53)
     devil       Vs.      devil       	Score:  (50, 50)
    antit42t     Vs.     antit42t     	Score:  (51, 51)
    mistrust     Vs.     mistrust     	Score:  (99, 99)
    thieves      Vs.     thieves      	Score:  (99, 99)
     pavlov      Vs.      pavlov      	Score:  (100, 100)
    tit4tat      Vs.     tit4tat      	Score:  (100, 100)
     angel       Vs.      angel       	Score:  (100, 100)


angel 771
schemer 979
random 1022
pavlov 1101
anti-handshake 1226
antit42t 1338
t4t-missile 1349
twotats 1354
devil 1359
bygones 1384
tit4tat 1388
mistrust 1394
convergence 1395
shark 1395
handshake 1416
theves 1428
thieves 1438
lisper_45-16 1466
	Winner is lisper_45-16
-------------------------------------------------------------------------------- 
Final Results:
convergence 0
theves 0
devil 0
random 0
schemer 0
shark 0
thieves 0
mistrust 0
antit42t 0
bygones 0
t4t-missile 0
tit4tat 0
angel 0
anti-handshake 0
twotats 0
handshake 0
pavlov 0
lisper_45-16 1
Final Winner is lisper_45-16!
