Finding warriors in ./warriors/


Running 1 tournament iterations of 50 matches

Tournament 1 
--------------------------------------------------------------------------------
  convergence    Vs.      theves      	Score:  (50, 75)
  convergence    Vs.     bygones      	Score:  (100, 100)
  convergence    Vs.     twotats      	Score:  (100, 100)
  convergence    Vs.     schemer      	Score:  (72, 97)
  convergence    Vs.      shark       	Score:  (100, 100)
  convergence    Vs.      random      	Score:  (67, 72)
  convergence    Vs.   t4t-missile    	Score:  (47, 62)
  convergence    Vs.    handshake     	Score:  (42, 62)
  convergence    Vs.  anti-handshake  	Score:  (49, 64)
  convergence    Vs.      devil       	Score:  (46, 56)
  convergence    Vs.     antit42t     	Score:  (43, 68)
  convergence    Vs.     mistrust     	Score:  (97, 102)
  convergence    Vs.     thieves      	Score:  (54, 69)
  convergence    Vs.      pavlov      	Score:  (100, 100)
  convergence    Vs.   lisper_65-46   	Score:  (52, 57)
  convergence    Vs.     tit4tat      	Score:  (100, 100)
  convergence    Vs.      angel       	Score:  (100, 100)
     theves      Vs.     bygones      	Score:  (66, 56)
     theves      Vs.     twotats      	Score:  (66, 56)
     theves      Vs.     schemer      	Score:  (142, -8)
     theves      Vs.      shark       	Score:  (63, 58)
     theves      Vs.      random      	Score:  (114, 14)
    bygones      Vs.      pavlov      	Score:  (100, 100)
    bygones      Vs.   lisper_65-46   	Score:  (52, 57)
    bygones      Vs.     tit4tat      	Score:  (100, 100)
    bygones      Vs.      angel       	Score:  (100, 100)
    twotats      Vs.     schemer      	Score:  (56, 121)
    twotats      Vs.      shark       	Score:  (100, 100)
    twotats      Vs.      random      	Score:  (44, 124)
    twotats      Vs.   t4t-missile    	Score:  (33, 118)
    twotats      Vs.    handshake     	Score:  (46, 56)
    twotats      Vs.  anti-handshake  	Score:  (87, 102)
    twotats      Vs.      devil       	Score:  (46, 56)
    twotats      Vs.     antit42t     	Score:  (33, 118)
    twotats      Vs.     mistrust     	Score:  (97, 102)
    twotats      Vs.     thieves      	Score:  (56, 66)
    twotats      Vs.      pavlov      	Score:  (100, 100)
    twotats      Vs.   lisper_65-46   	Score:  (50, 60)
    twotats      Vs.     tit4tat      	Score:  (100, 100)
    twotats      Vs.      angel       	Score:  (100, 100)
    schemer      Vs.      shark       	Score:  (74, 84)
    schemer      Vs.      random      	Score:  (74, 89)
    schemer      Vs.   t4t-missile    	Score:  (17, 122)
    schemer      Vs.    handshake     	Score:  (-14, 146)
     random      Vs.    handshake     	Score:  (3, 123)
     random      Vs.  anti-handshake  	Score:  (69, 74)
     random      Vs.      devil       	Score:  (-16, 149)
     random      Vs.     antit42t     	Score:  (31, 101)
     random      Vs.     mistrust     	Score:  (78, 78)
     random      Vs.     thieves      	Score:  (-1, 129)
     random      Vs.      pavlov      	Score:  (83, 68)
     random      Vs.   lisper_65-46   	Score:  (24, 99)
     random      Vs.     tit4tat      	Score:  (84, 84)
     random      Vs.      angel       	Score:  (150, 25)
  t4t-missile    Vs.    handshake     	Score:  (48, 53)
  t4t-missile    Vs.  anti-handshake  	Score:  (57, 47)
  t4t-missile    Vs.      devil       	Score:  (48, 53)
  t4t-missile    Vs.     antit42t     	Score:  (51, 51)
  t4t-missile    Vs.     mistrust     	Score:  (55, 50)
  t4t-missile    Vs.     thieves      	Score:  (54, 49)
  t4t-missile    Vs.      pavlov      	Score:  (126, 1)
  t4t-missile    Vs.   lisper_65-46   	Score:  (58, 48)
  t4t-missile    Vs.     tit4tat      	Score:  (54, 49)
  t4t-missile    Vs.      angel       	Score:  (166, 1)
   handshake     Vs.  anti-handshake  	Score:  (59, 44)
   handshake     Vs.      devil       	Score:  (48, 53)
    antit42t     Vs.     mistrust     	Score:  (55, 50)
    antit42t     Vs.     thieves      	Score:  (54, 49)
    antit42t     Vs.      pavlov      	Score:  (126, 1)
    antit42t     Vs.   lisper_65-46   	Score:  (58, 48)
    antit42t     Vs.     tit4tat      	Score:  (54, 49)
    antit42t     Vs.      angel       	Score:  (166, 1)
    mistrust     Vs.      theves      Vs.   t4t-missile    	Score:  (49, 54)
     theves      Vs.    handshake     	Score:  (48, 53)
     theves      Vs.  anti-handshake  	Score:  (55, 50)
     theves      Vs.      devil       	Score:  (48, 53)
     theves      Vs.     antit42t     	Score:  (49, 54)
     theves      Vs.     mistrust     	Score:  (54, 49)
     theves      Vs.     thieves      	Score:  (99, 99)
     theves      Vs.      pavlov      	Score:  (120, 20)
     theves      Vs.   lisper_65-46   	Score:  (52, 57)
     theves      Vs.     tit4tat      	Score:  (63, 58)
     theves      Vs.      angel       	Score:  (180, -20)
    bygones      Vs.     twotats      	Score:  (100, 100)
    bygones      Vs.     schemer      	Score:  (60, 110)
    bygones      Vs.      shark       	Score:  (100, 100)
    bygones      Vs.      random      	Score:  (49, 114)
    bygones      Vs.   t4t-missile    	Score:  (49, 54)
    bygones      Vs.    handshake     	Score:  (48, 53)
    bygones      Vs.  anti-handshake  	Score:  (91, 96)
    bygones      Vs.      devil       	Score:  (48, 53)
    bygones      Vs.     antit42t     	Score:  (49, 54)
    bygones      Vs.     mistrust     	Score:  (99, 99)
    bygones      Vs.     thieves      	Score:  (56, 66)
    schemer      Vs.  anti-handshake  	Score:  (71, 86)
    schemer      Vs.      devil       	Score:  (-10, 140)
    schemer      Vs.     antit42t     	Score:  (21, 121)
    schemer      Vs.     mistrust     	Score:  (80, 80)
    schemer      Vs.     thieves      	Score:  (-8, 142)
    schemer      Vs.      pavlov      	Score:  (68, 88)
    schemer      Vs.   lisper_65-46   	Score:  (2, 132)
    schemer      Vs.     tit4tat      	Score:  (82, 82)
    schemer      Vs.      angel       	Score:  (136, 46)
     shark       Vs.      random      	Score:  (74, 74)
     shark       Vs.   t4t-missile    	Score:  (49, 54)
     shark       Vs.    handshake     	Score:  (48, 53)
     shark       Vs.  anti-handshake  	Score:  (64, 64)
     shark       Vs.      devil       	Score:  (48, 53)
     shark       Vs.     antit42t     	Score:  (49, 54)
     shark       Vs.     mistrust     	Score:  (99, 99)
     shark       Vs.     thieves      	Score:  (58, 63)
     shark       Vs.      pavlov      	Score:  (100, 100)
     shark       Vs.   lisper_65-46   	Score:  (52, 57)
     shark       Vs.     tit4tat      	Score:  (100, 100)
     shark       Vs.      angel       	Score:  (100, 100)
     random      Vs.   t4t-missile    	Score:  (17, 127)
   handshake     Vs.     antit42t     	Score:  (53, 48)
   handshake     Vs.     mistrust     	Score:  (54, 49)
   handshake     Vs.     thieves      	Score:  (53, 48)
   handshake     Vs.      pavlov      	Score:  (125, 0)
   handshake     Vs.   lisper_65-46   	Score:  (62, 42)
   handshake     Vs.     tit4tat      	Score:  (53, 48)
   handshake     Vs.      angel       	Score:  (200, -50)
 anti-handshake  Vs.      devil       	Score:  (44, 59)
 anti-handshake  Vs.     antit42t     	Score:  (47, 57)
 anti-handshake  Vs.     mistrust     	Score:  (76, 71)
 anti-handshake  Vs.     thieves      	Score:  (50, 55)
 anti-handshake  Vs.      pavlov      	Score:  (73, 63)
 anti-handshake  Vs.   lisper_65-46   	Score:  (56, 51)
 anti-handshake  Vs.     tit4tat      	Score:  (76, 71)
 anti-handshake  Vs.      angel       	Score:  (114, 79)
     devil       Vs.     antit42t     	Score:  (53, 48)
     devil       Vs.     mistrust     	Score:  (56, 46)
     devil       Vs.     thieves      	Score:  (53, 48)
     devil       Vs.      pavlov      	Score:  (125, 0)
     devil       Vs.   lisper_65-46   	Score:  (62, 42)
     devil       Vs.     tit4tat      	Score:  (53, 48)
     devil       Vs.      angel       	Score:  (200, -50)
     theves      Vs.      theves      	Score:  (99, 99)
    bygones      Vs.     bygones      	Score:  (100, 100)
    twotats      Vs.     twotats      	Score:  (100, 100)
    schemer      Vs.     schemer      	Score:  (79, 84)
     shark       Vs.      shark       	Score:  (100, 100)
     random      Vs.      random      	Score:  (66, 81)
  t4t-missile    Vs.   t4t-missi    thieves      	Score:  (49, 54)
    mistrust     Vs.      pavlov      	Score:  (67, 67)
    mistrust     Vs.   lisper_65-46   	Score:  (54, 54)
    mistrust     Vs.     tit4tat      	Score:  (99, 99)
    mistrust     Vs.      angel       	Score:  (102, 97)
    thieves      Vs.      pavlov      	Score:  (120, 20)
    thieves      Vs.   lisper_65-46   	Score:  (52, 57)
    thieves      Vs.     tit4tat      	Score:  (63, 58)
    thieves      Vs.      angel       	Score:  (180, -20)
     pavlov      Vs.   lisper_65-46   	Score:  (8, 123)
     pavlov      Vs.     tit4tat      	Score:  (100, 100)
     pavlov      Vs.      angel       	Score:  (100, 100)
  lisper_65-46   Vs.     tit4tat      	Score:  (57, 52)
  lisper_65-46   Vs.      angel       	Score:  (192, -38)
    tit4tat      Vs.      angel       	Score:  (100, 100)
  convergence    Vs.   convergence    	Score:  (100, 100)
le    	Score:  (51, 51)
   handshake     Vs.    handshake     	Score:  (92, 92)
 anti-handshake  Vs.  anti-handshake  	Score:  (53, 53)
     devil       Vs.      devil       	Score:  (50, 50)
    antit42t     Vs.     antit42t     	Score:  (51, 51)
    mistrust     Vs.     mistrust     	Score:  (99, 99)
    thieves      Vs.     thieves      	Score:  (99, 99)
     pavlov      Vs.      pavlov      	Score:  (100, 100)
  lisper_65-46   Vs.   lisper_65-46   	Score:  (54, 54)
    tit4tat      Vs.     tit4tat      	Score:  (100, 100)
     angel       Vs.      angel       	Score:  (100, 100)


angel 771
schemer 994
pavlov 1036
random 1082
anti-handshake 1216
lisper_65-46 1287
twotats 1304
convergence 1319
antit42t 1338
mistrust 1345
bygones 1357
t4t-missile 1359
devil 1377
shark 1383
tit4tat 1398
handshake 1398
theves 1442
thieves 1451
	Winner is thieves
-------------------------------------------------------------------------------- 
Final Results:
convergence 0
theves 0
mistrust 0
antit42t 0
tit4tat 0
schemer 0
shark 0
random 0
lisper_65-46 0
handshake 0
bygones 0
t4t-missile 0
anti-handshake 0
twotats 0
pavlov 0
angel 0
devil 0
thieves 1
Final Winner is thieves!
