Finding warriors in ./warriors/


Running 1 tournament iterations of 50 matches

Tournament 1 
--------------------------------------------------------------------------------
  convergence    Vs.      theves      	Score:  (52, 72)
  convergence    Vs.     bygones      	Score:  (100, 100)
  convergence    Vs.     twotats      	Score:  (100, 100)
  convergence    Vs.     schemer      	Score:  (72, 92)
  convergence    Vs.      shark       	Score:  (100, 100)
  convergence    Vs.      random      	Score:  (75, 60)
  convergence    Vs.   t4t-missile    	Score:  (49, 54)
  convergence    Vs.   lisper_35-71   	Score:  (49, 64)
  convergence    Vs.    handshake     	Score:  (40, 65)
  convergence    Vs.  anti-handshake  	Score:  (87, 102)
  convergence    Vs.      devil       	Score:  (44, 59)
  convergence    Vs.     antit42t     	Score:  (44, 64)
  convergence    Vs.     mistrust     	Score:  (96, 96)
  convergence    Vs.     thieves      	Score:  (56, 66)
  convergence    Vs.      pavlov      	Score:  (100, 100)
  convergence    Vs.     tit4tat      	Score:  (100, 100)
  convergence    Vs.      angel       	Score:  (100, 100)
     theves      Vs.     bygones      	Score:  (66, 56)
     theves      Vs.     twotats      	Score:  (66, 56)
     theves      Vs.     schemer      	Score:  (136, -4)
     theves      Vs.      shark       	Score:  (63, 58)
     theves      Vs.      random      	Score:  (129, -1)
    bygones      Vs.     thieves      	Score:  (56, 66)
    bygones      Vs.      pavlov      	Score:  (100, 100)
    bygones      Vs.     tit4tat      	Score:  (100, 100)
    bygones      Vs.      angel       	Score:  (100, 100)
    twotats      Vs.     schemer      	Score:  (55, 120)
    twotats      Vs.      shark       	Score:  (100, 100)
    twotats      Vs.      random      	Score:  (50, 105)
    twotats      Vs.   t4t-missile    	Score:  (33, 118)
    twotats      Vs.   lisper_35-71   	Score:  (50, 60)
    twotats      Vs.    handshake     	Score:  (46, 56)
    twotats      Vs.  anti-handshake  	Score:  (87, 102)
    twotats      Vs.      devil       	Score:  (46, 56)
    twotats      Vs.     antit42t     	Score:  (33, 118)
    twotats      Vs.     mistrust     	Score:  (97, 102)
    twotats      Vs.     thieves      	Score:  (56, 66)
    twotats      Vs.      pavlov      	Score:  (100, 100)
    twotats      Vs.     tit4tat      	Score:  (100, 100)
    twotats      Vs.      angel       	Score:  (100, 100)
    schemer      Vs.      shark       	Score:  (84, 79)
    schemer      Vs.      random      	Score:  (68, 88)
    schemer      Vs.   t4t-missile    	Score:  (18, 123)
    schemer      Vs.   lisper_35-71   	Score:  (2, 132)
     random      Vs.   lisper_35-71   	Score:  (14, 114)
     random      Vs.    handshake     	Score:  (-3, 132)
     random      Vs.  anti-handshake  	Score:  (70, 85)
     random      Vs.      devil       	Score:  (8, 113)
     random      Vs.     antit42t     	Score:  (13, 123)
     random      Vs.     mistrust     	Score:  (74, 74)
     random      Vs.     thieves      	Score:  (16, 106)
     random      Vs.      pavlov      	Score:  (79, 69)
     random      Vs.     tit4tat      	Score:  (74, 69)
     random      Vs.      angel       	Score:  (154, 19)
  t4t-missile    Vs.   lisper_35-71   	Score:  (58, 48)
  t4t-missile    Vs.    handshake     	Score:  (48, 53)
  t4t-missile    Vs.  anti-handshake  	Score:  (57, 47)
  t4t-missile    Vs.      devil       	Score:  (48, 53)
  t4t-missile    Vs.     antit42t     	Score:  (51, 51)
  t4t-missile    Vs.     mistrust     	Score:  (55, 50)
  t4t-missile    Vs.     thieves      	Score:  (54, 49)
  t4t-missile    Vs.      pavlov      	Score:  (126, 1)
  t4t-missile    Vs.     tit4tat      	Score:  (54, 49)
  t4t-missile    Vs.      angel       	Score:  (166, 1)
  lisper_35-71   Vs.    handshake     	Score:  (42, 62)
  lisper_35-71   Vs.  anti-handshake  	Score:  (51, 56)
     devil       Vs.     antit42t     	Score:  (53, 48)
     devil       Vs.     mistrust     	Score:  (56, 46)
     devil       Vs.     thieves      	Score:  (53, 48)
     devil       Vs.      pavlov      	Score:  (125, 0)
     devil       Vs.     tit4tat      	Score:  (53, 48)
     devil       Vs.      angel       	Score:  (200, -50)
    antit42t     Vs.      theves      Vs.   t4t-missile    	Score:  (49, 54)
     theves      Vs.   lisper_35-71   	Score:  (52, 57)
     theves      Vs.    handshake     	Score:  (48, 53)
     theves      Vs.  anti-handshake  	Score:  (55, 50)
     theves      Vs.      devil       	Score:  (48, 53)
     theves      Vs.     antit42t     	Score:  (49, 54)
     theves      Vs.     mistrust     	Score:  (54, 49)
     theves      Vs.     thieves      	Score:  (99, 99)
     theves      Vs.      pavlov      	Score:  (120, 20)
     theves      Vs.     tit4tat      	Score:  (63, 58)
     theves      Vs.      angel       	Score:  (180, -20)
    bygones      Vs.     twotats      	Score:  (100, 100)
    bygones      Vs.     schemer      	Score:  (61, 111)
    bygones      Vs.      shark       	Score:  (100, 100)
    bygones      Vs.      random      	Score:  (54, 109)
    bygones      Vs.   t4t-missile    	Score:  (49, 54)
    bygones      Vs.   lisper_35-71   	Score:  (52, 57)
    bygones      Vs.    handshake     	Score:  (48, 53)
    bygones      Vs.  anti-handshake  	Score:  (91, 96)
    bygones      Vs.      devil       	Score:  (48, 53)
    bygones      Vs.     antit42t     	Score:  (49, 54)
    bygones      Vs.     mistrust     	Score:  (99, 99)
    schemer      Vs.    handshake     	Score:  (-10, 140)
    schemer      Vs.  anti-handshake  	Score:  (71, 86)
    schemer      Vs.      devil       	Score:  (-10, 140)
    schemer      Vs.     antit42t     	Score:  (19, 124)
    schemer      Vs.     mistrust     	Score:  (84, 79)
    schemer      Vs.     thieves      	Score:  (-8, 142)
    schemer      Vs.      pavlov      	Score:  (78, 83)
    schemer      Vs.     tit4tat      	Score:  (83, 78)
    schemer      Vs.      angel       	Score:  (140, 40)
     shark       Vs.      random      	Score:  (78, 58)
     shark       Vs.   t4t-missile    	Score:  (49, 54)
     shark       Vs.   lisper_35-71   	Score:  (52, 57)
     shark       Vs.    handshake     	Score:  (48, 53)
     shark       Vs.  anti-handshake  	Score:  (64, 64)
     shark       Vs.      devil       	Score:  (48, 53)
     shark       Vs.     antit42t     	Score:  (49, 54)
     shark       Vs.     mistrust     	Score:  (99, 99)
     shark       Vs.     thieves      	Score:  (58, 63)
     shark       Vs.      pavlov      	Score:  (100, 100)
     shark       Vs.     tit4tat      	Score:  (100, 100)
     shark       Vs.      angel       	Score:  (100, 100)
     random      Vs.   t4t-missile    	Score:  (27, 107)
  lisper_35-71   Vs.      devil       	Score:  (42, 62)
  lisper_35-71   Vs.     antit42t     	Score:  (48, 58)
  lisper_35-71   Vs.     mistrust     	Score:  (54, 54)
  lisper_35-71   Vs.     thieves      	Score:  (57, 52)
  lisper_35-71   Vs.      pavlov      	Score:  (123, 8)
  lisper_35-71   Vs.     tit4tat      	Score:  (57, 52)
  lisper_35-71   Vs.      angel       	Score:  (192, -38)
   handshake     Vs.  anti-handshake  	Score:  (59, 44)
   handshake     Vs.      devil       	Score:  (48, 53)
   handshake     Vs.     antit42t     	Score:  (53, 48)
   handshake     Vs.     mistrust     	Score:  (54, 49)
   handshake     Vs.     thieves      	Score:  (53, 48)
   handshake     Vs.      pavlov      	Score:  (125, 0)
   handshake     Vs.     tit4tat      	Score:  (53, 48)
   handshake     Vs.      angel       	Score:  (200, -50)
 anti-handshake  Vs.      devil       	Score:  (44, 59)
 anti-handshake  Vs.     antit42t     	Score:  (47, 57)
 anti-handshake  Vs.     mistrust     	Score:  (76, 71)
 anti-handshake  Vs.     thieves      	Score:  (50, 55)
 anti-handshake  Vs.      pavlov      	Score:  (73, 63)
 anti-handshake  Vs.     tit4tat      	Score:  (76, 71)
 anti-handshake  Vs.      angel       	Score:  (114, 79)
     theves      Vs.      theves      	Score:  (99, 99)
    bygones      Vs.     bygones      	Score:  (100, 100)
    twotats      Vs.     twotats      	Score:  (100, 100)
    schemer      Vs.     schemer      	Score:  (83, 78)
     shark       Vs.      shark       	Score:  (100, 100)
     random      Vs.      random      	Score:  (73, 78)
  t4t-missile    Vs.   t4t-mis    mistrust     	Score:  (55, 50)
    antit42t     Vs.     thieves      	Score:  (54, 49)
    antit42t     Vs.      pavlov      	Score:  (126, 1)
    antit42t     Vs.     tit4tat      	Score:  (54, 49)
    antit42t     Vs.      angel       	Score:  (166, 1)
    mistrust     Vs.     thieves      	Score:  (49, 54)
    mistrust     Vs.      pavlov      	Score:  (67, 67)
    mistrust     Vs.     tit4tat      	Score:  (99, 99)
    mistrust     Vs.      angel       	Score:  (102, 97)
    thieves      Vs.      pavlov      	Score:  (120, 20)
    thieves      Vs.     tit4tat      	Score:  (63, 58)
    thieves      Vs.      angel       	Score:  (180, -20)
     pavlov      Vs.     tit4tat      	Score:  (100, 100)
     pavlov      Vs.      angel       	Score:  (100, 100)
    tit4tat      Vs.      angel       	Score:  (100, 100)
  convergence    Vs.   convergence    	Score:  (100, 100)


angel 759
schemer 1018
random 1020
pavlov 1032
anti-handshake 1265
lisper_35-71 1309
twotats 1309
t4t-missile 1332
mistrust 1334
devil 1344
antit42t 1359
bygones 1363
convergence 1364
tit4tat 1379
shark 1382
handshake 1404
thieves 1425
theves 1448
	Winner is theves
-------------------------------------------------------------------------------- 
Final Results:
convergence 0
handshake 0
devil 0
tit4tat 0
antit42t 0
schemer 0
shark 0
mistrust 0
lisper_35-71 0
bygones 0
t4t-missile 0
random 0
anti-handshake 0
twotats 0
thieves 0
angel 0
pavlov 0
theves 1
Final Winner is theves!
