Finding warriors in ./warriors/


Running 1 tournament iterations of 50 matches

Tournament 1 
--------------------------------------------------------------------------------
  convergence    Vs.      theves      	Score:  (54, 69)
  convergence    Vs.     bygones      	Score:  (100, 100)
  convergence    Vs.     twotats      	Score:  (100, 100)
  convergence    Vs.     schemer      	Score:  (84, 74)
  convergence    Vs.      shark       	Score:  (100, 100)
  convergence    Vs.   lisper_40-6    	Score:  (50, 70)
  convergence    Vs.      random      	Score:  (81, 66)
  convergence    Vs.   t4t-missile    	Score:  (47, 62)
  convergence    Vs.    handshake     	Score:  (46, 56)
  convergence    Vs.  anti-handshake  	Score:  (53, 53)
  convergence    Vs.      devil       	Score:  (44, 59)
  convergence    Vs.     antit42t     	Score:  (44, 69)
  convergence    Vs.     mistrust     	Score:  (97, 102)
  convergence    Vs.     thieves      	Score:  (54, 69)
  convergence    Vs.      pavlov      	Score:  (100, 100)
  convergence    Vs.     tit4tat      	Score:  (100, 100)
  convergence    Vs.      angel       	Score:  (100, 100)
     theves      Vs.     bygones      	Score:  (66, 56)
     theves      Vs.     twotats      	Score:  (66, 56)
     theves      Vs.     schemer      	Score:  (142, -8)
     theves      Vs.      shark       	Score:  (63, 58)
     theves      Vs.   lisper_40-6    	Score:  (58, 53)
    bygones      Vs.     thieves      	Score:  (56, 66)
    bygones      Vs.      pavlov      	Score:  (100, 100)
    bygones      Vs.     tit4tat      	Score:  (100, 100)
    bygones      Vs.      angel       	Score:  (100, 100)
    twotats      Vs.     schemer      	Score:  (48, 128)
    twotats      Vs.      shark       	Score:  (100, 100)
    twotats      Vs.   lisper_40-6    	Score:  (95, 100)
    twotats      Vs.      random      	Score:  (45, 110)
    twotats      Vs.   t4t-missile    	Score:  (33, 118)
    twotats      Vs.    handshake     	Score:  (46, 56)
    twotats      Vs.  anti-handshake  	Score:  (87, 102)
    twotats      Vs.      devil       	Score:  (46, 56)
    twotats      Vs.     antit42t     	Score:  (33, 118)
    twotats      Vs.     mistrust     	Score:  (97, 102)
    twotats      Vs.     thieves      	Score:  (56, 66)
    twotats      Vs.      pavlov      	Score:  (100, 100)
    twotats      Vs.     tit4tat      	Score:  (100, 100)
    twotats      Vs.      angel       	Score:  (100, 100)
    schemer      Vs.      shark       	Score:  (60, 95)
    schemer      Vs.   lisper_40-6    	Score:  (8, 128)
    schemer      Vs.      random      	Score:  (55, 100)
    schemer      Vs.   t4t-missile    	Score:  (20, 120)
  lisper_40-6    Vs.   t4t-missile    	Score:  (48, 58)
  lisper_40-6    Vs.    handshake     	Score:  (42, 62)
  lisper_40-6    Vs.  anti-handshake  	Score:  (51, 56)
  lisper_40-6    Vs.      devil       	Score:  (42, 62)
  lisper_40-6    Vs.     antit42t     	Score:  (48, 58)
  lisper_40-6    Vs.     mistrust     	Score:  (97, 102)
  lisper_40-6    Vs.     thieves      	Score:  (53, 58)
  lisper_40-6    Vs.      pavlov      	Score:  (101, 96)
  lisper_40-6    Vs.     tit4tat      	Score:  (98, 98)
  lisper_40-6    Vs.      angel       	Score:  (192, -38)
     random      Vs.   t4t-missile    	Score:  (20, 110)
     random      Vs.    handshake     	Score:  (-6, 134)
     random      Vs.  anti-handshake  	Score:  (66, 76)
     random      Vs.      devil       	Score:  (6, 116)
     random      Vs.     antit42t     	Score:  (21, 111)
     random      Vs.     mistrust     	Score:  (78, 68)
     random      Vs.     thieves      	Score:  (1, 126)
     random      Vs.      pavlov      	Score:  (72, 72)
     random      Vs.     tit4tat      	Score:  (75, 70)
     random      Vs.      angel       	Score:  (158, 13)
  t4t-missile    Vs.    handshake     	Score:  (48, 53)
  t4t-missile    Vs.  anti-handshake  	Score:  (57, 47)
     devil       Vs.     antit42t     	Score:  (53, 48)
     devil       Vs.     mistrust     	Score:  (56, 46)
     devil       Vs.     thieves      	Score:  (53, 48)
     devil       Vs.      pavlov      	Score:  (125, 0)
     devil       Vs.     tit4tat      	Score:  (53, 48)
     devil       Vs.      angel       	Score:  (200, -50)
    antit42t          theves      Vs.      random      	Score:  (129, -1)
     theves      Vs.   t4t-missile    	Score:  (49, 54)
     theves      Vs.    handshake     	Score:  (48, 53)
     theves      Vs.  anti-handshake  	Score:  (55, 50)
     theves      Vs.      devil       	Score:  (48, 53)
     theves      Vs.     antit42t     	Score:  (49, 54)
     theves      Vs.     mistrust     	Score:  (54, 49)
     theves      Vs.     thieves      	Score:  (99, 99)
     theves      Vs.      pavlov      	Score:  (120, 20)
     theves      Vs.     tit4tat      	Score:  (63, 58)
     theves      Vs.      angel       	Score:  (180, -20)
    bygones      Vs.     twotats      	Score:  (100, 100)
    bygones      Vs.     schemer      	Score:  (54, 119)
    bygones      Vs.      shark       	Score:  (100, 100)
    bygones      Vs.   lisper_40-6    	Score:  (98, 98)
    bygones      Vs.      random      	Score:  (66, 66)
    bygones      Vs.   t4t-missile    	Score:  (49, 54)
    bygones      Vs.    handshake     	Score:  (48, 53)
    bygones      Vs.  anti-handshake  	Score:  (91, 96)
    bygones      Vs.      devil       	Score:  (48, 53)
    bygones      Vs.     antit42t     	Score:  (49, 54)
    bygones      Vs.     mistrust     	Score:  (99, 99)
    schemer      Vs.    handshake     	Score:  (-10, 140)
    schemer      Vs.  anti-handshake  	Score:  (69, 89)
    schemer      Vs.      devil       	Score:  (-12, 143)
    schemer      Vs.     antit42t     	Score:  (18, 123)
    schemer      Vs.     mistrust     	Score:  (80, 80)
    schemer      Vs.     thieves      	Score:  (-10, 145)
    schemer      Vs.      pavlov      	Score:  (68, 88)
    schemer      Vs.     tit4tat      	Score:  (84, 79)
    schemer      Vs.      angel       	Score:  (136, 46)
     shark       Vs.   lisper_40-6    	Score:  (98, 98)
     shark       Vs.      random      	Score:  (70, 75)
     shark       Vs.   t4t-missile    	Score:  (49, 54)
     shark       Vs.    handshake     	Score:  (48, 53)
     shark       Vs.  anti-handshake  	Score:  (64, 64)
     shark       Vs.      devil       	Score:  (48, 53)
     shark       Vs.     antit42t     	Score:  (49, 54)
     shark       Vs.     mistrust     	Score:  (99, 99)
     shark       Vs.     thieves      	Score:  (58, 63)
     shark       Vs.      pavlov      	Score:  (100, 100)
     shark       Vs.     tit4tat      	Score:  (100, 100)
     shark       Vs.      angel       	Score:  (100, 100)
  lisper_40-6    Vs.      random      	Score:  (102, 22)
  t4t-missile    Vs.      devil       	Score:  (48, 53)
  t4t-missile    Vs.     antit42t     	Score:  (51, 51)
  t4t-missile    Vs.     mistrust     	Score:  (55, 50)
  t4t-missile    Vs.     thieves      	Score:  (54, 49)
  t4t-missile    Vs.      pavlov      	Score:  (126, 1)
  t4t-missile    Vs.     tit4tat      	Score:  (54, 49)
  t4t-missile    Vs.      angel       	Score:  (166, 1)
   handshake     Vs.  anti-handshake  	Score:  (59, 44)
   handshake     Vs.      devil       	Score:  (48, 53)
   handshake     Vs.     antit42t     	Score:  (53, 48)
   handshake     Vs.     mistrust     	Score:  (54, 49)
   handshake     Vs.     thieves      	Score:  (53, 48)
   handshake     Vs.      pavlov      	Score:  (125, 0)
   handshake     Vs.     tit4tat      	Score:  (53, 48)
   handshake     Vs.      angel       	Score:  (200, -50)
 anti-handshake  Vs.      devil       	Score:  (44, 59)
 anti-handshake  Vs.     antit42t     	Score:  (47, 57)
 anti-handshake  Vs.     mistrust     	Score:  (76, 71)
 anti-handshake  Vs.     thieves      	Score:  (50, 55)
 anti-handshake  Vs.      pavlov      	Score:  (73, 63)
 anti-handshake  Vs.     tit4tat      	Score:  (76, 71)
 anti-handshake  Vs.      angel       	Score:  (114, 79)
     theves      Vs.      theves      	Score:  (99, 99)
    bygones      Vs.     bygones      	Score:  (100, 100)
    twotats      Vs.     twotats      	Score:  (100, 100)
    schemer      Vs.     schemer      	Score:  (81, 81)
     shark       Vs.      shark       	Score:  (100, 100)
  lisper_40-6    Vs.   lisper_40-6    	Score:  (99, 99)
     random      Vs.      randoVs.     mistrust     	Score:  (55, 50)
    antit42t     Vs.     thieves      	Score:  (54, 49)
    antit42t     Vs.      pavlov      	Score:  (126, 1)
    antit42t     Vs.     tit4tat      	Score:  (54, 49)
    antit42t     Vs.      angel       	Score:  (166, 1)
    mistrust     Vs.     thieves      	Score:  (49, 54)
    mistrust     Vs.      pavlov      	Score:  (67, 67)
    mistrust     Vs.     tit4tat      	Score:  (99, 99)
    mistrust     Vs.      angel       	Score:  (102, 97)
    thieves      Vs.      pavlov      	Score:  (120, 20)
    thieves      Vs.     tit4tat      	Score:  (63, 58)
    thieves      Vs.      angel       	Score:  (180, -20)
     pavlov      Vs.     tit4tat      	Score:  (100, 100)
     pavlov      Vs.      angel       	Score:  (100, 100)
    tit4tat      Vs.      angel       	Score:  (100, 100)
  convergence    Vs.   convergence    	Score:  (100, 100)


angel 759
schemer 960
random 1005
pavlov 1128
anti-handshake 1210
t4t-missile 1340
twotats 1342
devil 1350
antit42t 1351
convergence 1354
mistrust 1383
handshake 1397
bygones 1414
tit4tat 1427
shark 1436
theves 1457
thieves 1457
lisper_40-6 1520
	Winner is lisper_40-6
-------------------------------------------------------------------------------- 
Final Results:
convergence 0
theves 0
devil 0
angel 0
schemer 0
shark 0
tit4tat 0
mistrust 0
random 0
handshake 0
bygones 0
t4t-missile 0
pavlov 0
anti-handshake 0
twotats 0
thieves 0
antit42t 0
lisper_40-6 1
Final Winner is lisper_40-6!
