Finding warriors in ./warriors/


Running 1 tournament iterations of 50 matches

Tournament 1 
--------------------------------------------------------------------------------
  convergence    Vs.      theves      	Score:  (56, 66)
  convergence    Vs.     bygones      	Score:  (100, 100)
  convergence    Vs.     twotats      	Score:  (100, 100)
  convergence    Vs.     schemer      	Score:  (68, 98)
  convergence    Vs.      shark       	Score:  (100, 100)
  convergence    Vs.      random      	Score:  (70, 90)
  convergence    Vs.   t4t-missile    	Score:  (44, 64)
  convergence    Vs.    handshake     	Score:  (44, 59)
  convergence    Vs.  anti-handshake  	Score:  (49, 59)
  convergence    Vs.   lisper_30-26   	Score:  (53, 68)
  convergence    Vs.      devil       	Score:  (44, 59)
  convergence    Vs.     antit42t     	Score:  (45, 65)
  convergence    Vs.     mistrust     	Score:  (97, 102)
  convergence    Vs.     thieves      	Score:  (52, 72)
  convergence    Vs.      pavlov      	Score:  (100, 100)
  convergence    Vs.     tit4tat      	Score:  (100, 100)
  convergence    Vs.      angel       	Score:  (100, 100)
     theves      Vs.     bygones      	Score:  (66, 56)
     theves      Vs.     twotats      	Score:  (66, 56)
     theves      Vs.     schemer      	Score:  (139, -6)
     theves      Vs.      shark       	Score:  (63, 58)
     theves      Vs.      random      	Score:  (138, -7)
    bygones      Vs.     thieves      	Score:  (56, 66)
    bygones      Vs.      pavlov      	Score:  (100, 100)
    bygones      Vs.     tit4tat      	Score:  (100, 100)
    bygones      Vs.      angel       	Score:  (100, 100)
    twotats      Vs.     schemer      	Score:  (52, 122)
    twotats      Vs.      shark       	Score:  (100, 100)
    twotats      Vs.      random      	Score:  (56, 116)
    twotats      Vs.   t4t-missile    	Score:  (33, 118)
    twotats      Vs.    handshake     	Score:  (46, 56)
    twotats      Vs.  anti-handshake  	Score:  (87, 102)
    twotats      Vs.   lisper_30-26   	Score:  (95, 100)
    twotats      Vs.      devil       	Score:  (46, 56)
    twotats      Vs.     antit42t     	Score:  (33, 118)
    twotats      Vs.     mistrust     	Score:  (97, 102)
    twotats      Vs.     thieves      	Score:  (56, 66)
    twotats      Vs.      pavlov      	Score:  (100, 100)
    twotats      Vs.     tit4tat      	Score:  (100, 100)
    twotats      Vs.      angel       	Score:  (100, 100)
    schemer      Vs.      shark       	Score:  (74, 84)
    schemer      Vs.      random      	Score:  (68, 88)
    schemer      Vs.   t4t-missile    	Score:  (17, 122)
    schemer      Vs.    handshake     	Score:  (-12, 143)
     random      Vs.    handshake     	Score:  (6, 116)
     random      Vs.  anti-handshake  	Score:  (69, 74)
     random      Vs.   lisper_30-26   	Score:  (14, 114)
     random      Vs.      devil       	Score:  (-6, 134)
     random      Vs.     antit42t     	Score:  (25, 100)
     random      Vs.     mistrust     	Score:  (75, 75)
     random      Vs.     thieves      	Score:  (20, 100)
     random      Vs.      pavlov      	Score:  (75, 75)
     random      Vs.     tit4tat      	Score:  (69, 64)
     random      Vs.      angel       	Score:  (144, 34)
  t4t-missile    Vs.    handshake     	Score:  (48, 53)
  t4t-missile    Vs.  anti-handshake  	Score:  (57, 47)
  t4t-missile    Vs.   lisper_30-26   	Score:  (58, 48)
  t4t-missile    Vs.      devil       	Score:  (48, 53)
  t4t-missile    Vs.     antit42t     	Score:  (51, 51)
  t4t-missile    Vs.     mistrust     	Score:  (55, 50)
  t4t-missile    Vs.     thieves      	Score:  (54, 49)
  t4t-missile    Vs.      pavlov      	Score:  (126, 1)
  t4t-missile    Vs.     tit4tat      	Score:  (54, 49)
  t4t-missile    Vs.      angel       	Score:  (166, 1)
   handshake     Vs.  anti-handshake  	Score:  (59, 44)
   handshake     Vs.   lisper_30-26   	Score:  (62, 42)
     devil       Vs.     antit42t     	Score:  (53, 48)
     devil       Vs.     mistrust     	Score:  (56, 46)
     devil       Vs.     thieves      	Score:  (53, 48)
     devil       Vs.      pavlov      	Score:  (125, 0)
     devil       Vs.     tit4tat      	Score:  (53, 48)
     devil       Vs.      angel       	Score:  (200, -50)
    antit42t     V     theves      Vs.   t4t-missile    	Score:  (49, 54)
     theves      Vs.    handshake     	Score:  (48, 53)
     theves      Vs.  anti-handshake  	Score:  (55, 50)
     theves      Vs.   lisper_30-26   	Score:  (58, 53)
     theves      Vs.      devil       	Score:  (48, 53)
     theves      Vs.     antit42t     	Score:  (49, 54)
     theves      Vs.     mistrust     	Score:  (54, 49)
     theves      Vs.     thieves      	Score:  (99, 99)
     theves      Vs.      pavlov      	Score:  (120, 20)
     theves      Vs.     tit4tat      	Score:  (63, 58)
     theves      Vs.      angel       	Score:  (180, -20)
    bygones      Vs.     twotats      	Score:  (100, 100)
    bygones      Vs.     schemer      	Score:  (54, 119)
    bygones      Vs.      shark       	Score:  (100, 100)
    bygones      Vs.      random      	Score:  (57, 112)
    bygones      Vs.   t4t-missile    	Score:  (49, 54)
    bygones      Vs.    handshake     	Score:  (48, 53)
    bygones      Vs.  anti-handshake  	Score:  (91, 96)
    bygones      Vs.   lisper_30-26   	Score:  (98, 98)
    bygones      Vs.      devil       	Score:  (48, 53)
    bygones      Vs.     antit42t     	Score:  (49, 54)
    bygones      Vs.     mistrust     	Score:  (99, 99)
    schemer      Vs.  anti-handshake  	Score:  (70, 90)
    schemer      Vs.   lisper_30-26   	Score:  (14, 129)
    schemer      Vs.      devil       	Score:  (-10, 140)
    schemer      Vs.     antit42t     	Score:  (20, 120)
    schemer      Vs.     mistrust     	Score:  (80, 80)
    schemer      Vs.     thieves      	Score:  (-4, 136)
    schemer      Vs.      pavlov      	Score:  (90, 75)
    schemer      Vs.     tit4tat      	Score:  (82, 82)
    schemer      Vs.      angel       	Score:  (134, 49)
     shark       Vs.      random      	Score:  (74, 79)
     shark       Vs.   t4t-missile    	Score:  (49, 54)
     shark       Vs.    handshake     	Score:  (48, 53)
     shark       Vs.  anti-handshake  	Score:  (64, 64)
     shark       Vs.   lisper_30-26   	Score:  (98, 98)
     shark       Vs.      devil       	Score:  (48, 53)
     shark       Vs.     antit42t     	Score:  (49, 54)
     shark       Vs.     mistrust     	Score:  (99, 99)
     shark       Vs.     thieves      	Score:  (58, 63)
     shark       Vs.      pavlov      	Score:  (100, 100)
     shark       Vs.     tit4tat      	Score:  (100, 100)
     shark       Vs.      angel       	Score:  (100, 100)
     random      Vs.   t4t-missile    	Score:  (27, 107)
   handshake     Vs.      devil       	Score:  (48, 53)
   handshake     Vs.     antit42t     	Score:  (53, 48)
   handshake     Vs.     mistrust     	Score:  (54, 49)
   handshake     Vs.     thieves      	Score:  (53, 48)
   handshake     Vs.      pavlov      	Score:  (125, 0)
   handshake     Vs.     tit4tat      	Score:  (53, 48)
   handshake     Vs.      angel       	Score:  (200, -50)
 anti-handshake  Vs.   lisper_30-26   	Score:  (56, 51)
 anti-handshake  Vs.      devil       	Score:  (44, 59)
 anti-handshake  Vs.     antit42t     	Score:  (47, 57)
 anti-handshake  Vs.     mistrust     	Score:  (76, 71)
 anti-handshake  Vs.     thieves      	Score:  (50, 55)
 anti-handshake  Vs.      pavlov      	Score:  (73, 63)
 anti-handshake  Vs.     tit4tat      	Score:  (76, 71)
 anti-handshake  Vs.      angel       	Score:  (114, 79)
  lisper_30-26   Vs.      devil       	Score:  (42, 62)
  lisper_30-26   Vs.     antit42t     	Score:  (48, 58)
  lisper_30-26   Vs.     mistrust     	Score:  (97, 102)
  lisper_30-26   Vs.     thieves      	Score:  (53, 58)
  lisper_30-26   Vs.      pavlov      	Score:  (101, 96)
  lisper_30-26   Vs.     tit4tat      	Score:  (98, 98)
  lisper_30-26   Vs.      angel       	Score:  (192, -38)
     theves      Vs.      theves      	Score:  (99, 99)
    bygones      Vs.     bygones      	Score:  (100, 100)
    twotats      Vs.     twotats      	Score:  (100, 100)
    schemer      Vs.     schemer      	Score:  (80, 80)
     shark       Vs.      shark       	Score:  (100, 100)
     random      Vs.      random      	Score:  (99, 49)
  t4t-missile    Vs.   t4t-mis.     mistrust     	Score:  (55, 50)
    antit42t     Vs.     thieves      	Score:  (54, 49)
    antit42t     Vs.      pavlov      	Score:  (126, 1)
    antit42t     Vs.     tit4tat      	Score:  (54, 49)
    antit42t     Vs.      angel       	Score:  (166, 1)
    mistrust     Vs.     thieves      	Score:  (49, 54)
    mistrust     Vs.      pavlov      	Score:  (67, 67)
    mistrust     Vs.     tit4tat      	Score:  (99, 99)
    mistrust     Vs.      angel       	Score:  (102, 97)
    thieves      Vs.      pavlov      	Score:  (120, 20)
    thieves      Vs.     tit4tat      	Score:  (63, 58)
    thieves      Vs.      angel       	Score:  (180, -20)
     pavlov      Vs.     tit4tat      	Score:  (100, 100)
     pavlov      Vs.      angel       	Score:  (100, 100)
    tit4tat      Vs.      angel       	Score:  (100, 100)
  convergence    Vs.   convergence    	Score:  (100, 100)
ssile    	Score:  (51, 51)
   handshake     Vs.    handshake     	Score:  (92, 92)
 anti-handshake  Vs.  anti-handshake  	Score:  (53, 53)
  lisper_30-26   Vs.   lisper_30-26   	Score:  (99, 99)
     devil       Vs.      devil       	Score:  (50, 50)
    antit42t     Vs.     antit42t     	Score:  (51, 51)
    mistrust     Vs.     mistrust     	Score:  (99, 99)
    thieves      Vs.     thieves      	Score:  (99, 99)
     pavlov      Vs.      pavlov      	Score:  (100, 100)
    tit4tat      Vs.     tit4tat      	Score:  (100, 100)
     angel       Vs.      angel       	Score:  (100, 100)


angel 783
schemer 1036
random 1070
pavlov 1118
anti-handshake 1215
convergence 1322
antit42t 1333
t4t-missile 1341
twotats 1357
devil 1365
handshake 1385
mistrust 1390
bygones 1405
tit4tat 1424
thieves 1425
shark 1429
theves 1460
lisper_30-26 1531
	Winner is lisper_30-26
-------------------------------------------------------------------------------- 
Final Results:
convergence 0
theves 0
angel 0
anti-handshake 0
schemer 0
shark 0
mistrust 0
handshake 0
bygones 0
t4t-missile 0
pavlov 0
antit42t 0
devil 0
tit4tat 0
twotats 0
random 0
thieves 0
lisper_30-26 1
Final Winner is lisper_30-26!
