Finding warriors in ./warriors/


Running 1 tournament iterations of 50 matches

Tournament 1 
--------------------------------------------------------------------------------
  convergence    Vs.      theves      	Score:  (56, 66)
  convergence    Vs.   lisper_50-41   	Score:  (49, 64)
  convergence    Vs.     bygones      	Score:  (100, 100)
  convergence    Vs.     twotats      	Score:  (100, 100)
  convergence    Vs.     schemer      	Score:  (78, 83)
  convergence    Vs.      shark       	Score:  (100, 100)
  convergence    Vs.      random      	Score:  (72, 77)
  convergence    Vs.   t4t-missile    	Score:  (46, 61)
  convergence    Vs.    handshake     	Score:  (40, 65)
  convergence    Vs.  anti-handshake  	Score:  (51, 61)
  convergence    Vs.      devil       	Score:  (44, 59)
  convergence    Vs.     antit42t     	Score:  (45, 65)
  convergence    Vs.     mistrust     	Score:  (99, 99)
  convergence    Vs.     thieves      	Score:  (54, 69)
  convergence    Vs.      pavlov      	Score:  (100, 100)
  convergence    Vs.     tit4tat      	Score:  (100, 100)
  convergence    Vs.      angel       	Score:  (100, 100)
     theves      Vs.   lisper_50-41   	Score:  (55, 55)
     theves      Vs.     bygones      	Score:  (66, 56)
     theves      Vs.     twotats      	Score:  (66, 56)
     theves      Vs.     schemer      	Score:  (134, -1)
     theves      Vs.      shark       	Score:  (63, 58)
  lisper_50-41   Vs.     thieves      	Score:  (55, 55)
  lisper_50-41   Vs.      pavlov      	Score:  (101, 96)
  lisper_50-41   Vs.     tit4tat      	Score:  (58, 53)
  lisper_50-41   Vs.      angel       	Score:  (192, -38)
    bygones      Vs.     twotats      	Score:  (100, 100)
    bygones      Vs.     schemer      	Score:  (59, 114)
    bygones      Vs.      shark       	Score:  (100, 100)
    bygones      Vs.      random      	Score:  (58, 108)
    bygones      Vs.   t4t-missile    	Score:  (49, 54)
    bygones      Vs.    handshake     	Score:  (48, 53)
    bygones      Vs.  anti-handshake  	Score:  (91, 96)
    bygones      Vs.      devil       	Score:  (48, 53)
    bygones      Vs.     antit42t     	Score:  (49, 54)
    bygones      Vs.     mistrust     	Score:  (99, 99)
    bygones      Vs.     thieves      	Score:  (56, 66)
    bygones      Vs.      pavlov      	Score:  (100, 100)
    bygones      Vs.     tit4tat      	Score:  (100, 100)
    bygones      Vs.      angel       	Score:  (100, 100)
    twotats      Vs.     schemer      	Score:  (49, 129)
    twotats      Vs.      shark       	Score:  (100, 100)
    twotats      Vs.      random      	Score:  (46, 116)
    twotats      Vs.   t4t-missile    	Score:  (33, 118)
     shark       Vs.   t4t-missile    	Score:  (49, 54)
     shark       Vs.    handshake     	Score:  (48, 53)
     shark       Vs.  anti-handshake  	Score:  (64, 64)
     shark       Vs.      devil       	Score:  (48, 53)
     shark       Vs.     antit42t     	Score:  (49, 54)
     shark       Vs.     mistrust     	Score:  (99, 99)
     shark       Vs.     thieves      	Score:  (58, 63)
     shark       Vs.      pavlov      	Score:  (100, 100)
     shark       Vs.     tit4tat      	Score:  (100, 100)
     shark       Vs.      angel       	Score:  (100, 100)
     random      Vs.   t4t-missile    	Score:  (29, 99)
     random      Vs.    handshake     	Score:  (16, 106)
     random      Vs.  anti-handshake  	Score:  (74, 84)
     random      Vs.      devil       	Score:  (-4, 131)
     random      Vs.     antit42t     	Score:  (24, 109)
     random      Vs.     mistrust     	Score:  (80, 80)
     random      Vs.     thieves      	Score:  (-1, 129)
     random      Vs.      pavlov      	Score:  (85, 70)
     random      Vs.     tit4tat      	Score:  (76, 76)
     random      Vs.      angel       	Score:  (148, 28)
  t4t-missile    Vs.    handshake     	Score:  (48, 53)
  t4t-missile    Vs.  anti-handshake  	Score:  (57, 47)
     devil       Vs.     antit42t     	Score:  (53, 48)
     devil       Vs.     mistrust     	Score:  (56, 46)
     devil       Vs.     thieves      	Score:  (53, 48)
     devil       Vs.      pavlov      	Score:  (125, 0)
     devil       Vs.     tit4tat      	Score:  (53, 48)
     devil       Vs.      angel       	Score:  (200, -50)
    antit42t     V     theves      Vs.      random      	Score:  (137, -3)
     theves      Vs.   t4t-missile    	Score:  (49, 54)
     theves      Vs.    handshake     	Score:  (48, 53)
     theves      Vs.  anti-handshake  	Score:  (55, 50)
     theves      Vs.      devil       	Score:  (48, 53)
     theves      Vs.     antit42t     	Score:  (49, 54)
     theves      Vs.     mistrust     	Score:  (54, 49)
     theves      Vs.     thieves      	Score:  (99, 99)
     theves      Vs.      pavlov      	Score:  (120, 20)
     theves      Vs.     tit4tat      	Score:  (63, 58)
     theves      Vs.      angel       	Score:  (180, -20)
  lisper_50-41   Vs.     bygones      	Score:  (58, 53)
  lisper_50-41   Vs.     twotats      	Score:  (64, 49)
  lisper_50-41   Vs.     schemer      	Score:  (135, 0)
  lisper_50-41   Vs.      shark       	Score:  (58, 53)
  lisper_50-41   Vs.      random      	Score:  (108, 18)
  lisper_50-41   Vs.   t4t-missile    	Score:  (48, 58)
  lisper_50-41   Vs.    handshake     	Score:  (42, 62)
  lisper_50-41   Vs.  anti-handshake  	Score:  (51, 56)
  lisper_50-41   Vs.      devil       	Score:  (42, 62)
  lisper_50-41   Vs.     antit42t     	Score:  (48, 58)
  lisper_50-41   Vs.     mistrust     	Score:  (54, 54)
    twotats      Vs.    handshake     	Score:  (46, 56)
    twotats      Vs.  anti-handshake  	Score:  (87, 102)
    twotats      Vs.      devil       	Score:  (46, 56)
    twotats      Vs.     antit42t     	Score:  (33, 118)
    twotats      Vs.     mistrust     	Score:  (97, 102)
    twotats      Vs.     thieves      	Score:  (56, 66)
    twotats      Vs.      pavlov      	Score:  (100, 100)
    twotats      Vs.     tit4tat      	Score:  (100, 100)
    twotats      Vs.      angel       	Score:  (100, 100)
    schemer      Vs.      shark       	Score:  (73, 88)
    schemer      Vs.      random      	Score:  (59, 94)
    schemer      Vs.   t4t-missile    	Score:  (18, 123)
    schemer      Vs.    handshake     	Score:  (-14, 146)
    schemer      Vs.  anti-handshake  	Score:  (74, 84)
    schemer      Vs.      devil       	Score:  (-12, 143)
    schemer      Vs.     antit42t     	Score:  (20, 120)
    schemer      Vs.     mistrust     	Score:  (80, 80)
    schemer      Vs.     thieves      	Score:  (-6, 139)
    schemer      Vs.      pavlov      	Score:  (77, 82)
    schemer      Vs.     tit4tat      	Score:  (82, 82)
    schemer      Vs.      angel       	Score:  (140, 40)
     shark       Vs.      random      	Score:  (75, 70)
  t4t-missile    Vs.      devil       	Score:  (48, 53)
  t4t-missile    Vs.     antit42t     	Score:  (51, 51)
  t4t-missile    Vs.     mistrust     	Score:  (55, 50)
  t4t-missile    Vs.     thieves      	Score:  (54, 49)
  t4t-missile    Vs.      pavlov      	Score:  (126, 1)
  t4t-missile    Vs.     tit4tat      	Score:  (54, 49)
  t4t-missile    Vs.      angel       	Score:  (166, 1)
   handshake     Vs.  anti-handshake  	Score:  (59, 44)
   handshake     Vs.      devil       	Score:  (48, 53)
   handshake     Vs.     antit42t     	Score:  (53, 48)
   handshake     Vs.     mistrust     	Score:  (54, 49)
   handshake     Vs.     thieves      	Score:  (53, 48)
   handshake     Vs.      pavlov      	Score:  (125, 0)
   handshake     Vs.     tit4tat      	Score:  (53, 48)
   handshake     Vs.      angel       	Score:  (200, -50)
 anti-handshake  Vs.      devil       	Score:  (44, 59)
 anti-handshake  Vs.     antit42t     	Score:  (47, 57)
 anti-handshake  Vs.     mistrust     	Score:  (76, 71)
 anti-handshake  Vs.     thieves      	Score:  (50, 55)
 anti-handshake  Vs.      pavlov      	Score:  (73, 63)
 anti-handshake  Vs.     tit4tat      	Score:  (76, 71)
 anti-handshake  Vs.      angel       	Score:  (114, 79)
     theves      Vs.      theves      	Score:  (99, 99)
  lisper_50-41   Vs.   lisper_50-41   	Score:  (54, 54)
    bygones      Vs.     bygones      	Score:  (100, 100)
    twotats      Vs.     twotats      	Score:  (100, 100)
    schemer      Vs.     schemer      	Score:  (86, 76)
     shark       Vs.      shark       	Score:  (100, 100)
     random      Vs.      random s.     mistrust     	Score:  (55, 50)
    antit42t     Vs.     thieves      	Score:  (54, 49)
    antit42t     Vs.      pavlov      	Score:  (126, 1)
    antit42t     Vs.     tit4tat      	Score:  (54, 49)
    antit42t     Vs.      angel       	Score:  (166, 1)
    mistrust     Vs.     thieves      	Score:  (49, 54)
    mistrust     Vs.      pavlov      	Score:  (67, 67)
    mistrust     Vs.     tit4tat      	Score:  (99, 99)
    mistrust     Vs.      angel       	Score:  (102, 97)
    thieves      Vs.      pavlov      	Score:  (120, 20)
    thieves      Vs.     tit4tat      	Score:  (63, 58)
    thieves      Vs.      angel       	Score:  (180, -20)
     pavlov      Vs.     tit4tat      	Score:  (100, 100)
     pavlov      Vs.      angel       	Score:  (100, 100)
    tit4tat      Vs.      angel       	Score:  (100, 100)
  convergence    Vs.   convergence    	Score:  (100, 100)


angel 768
schemer 997
random 1083
pavlov 1120
anti-handshake 1221
lisper_50-41 1287
twotats 1298
t4t-missile 1331
convergence 1334
antit42t 1342
mistrust 1344
devil 1365
bygones 1366
handshake 1384
shark 1389
tit4tat 1391
theves 1451
thieves 1451
	Winner is theves
-------------------------------------------------------------------------------- 
Final Results:
convergence 0
theves 0
devil 0
bygones 0
twotats 0
angel 0
schemer 0
mistrust 0
random 0
handshake 0
lisper_50-41 0
t4t-missile 0
anti-handshake 0
shark 0
antit42t 0
tit4tat 0
pavlov 0
thieves 1
Final Winner is thieves!
