Finding warriors in ./warriors/


Running 1 tournament iterations of 50 matches

Tournament 1 
--------------------------------------------------------------------------------
  convergence    Vs.      theves      	Score:  (50, 75)
  convergence    Vs.     bygones      	Score:  (100, 100)
  convergence    Vs.     twotats      	Score:  (100, 100)
  convergence    Vs.   lisper_65-36   	Score:  (44, 69)
  convergence    Vs.     schemer      	Score:  (83, 78)
  convergence    Vs.      shark       	Score:  (100, 100)
  convergence    Vs.      random      	Score:  (80, 65)
  convergence    Vs.   t4t-missile    	Score:  (49, 54)
  convergence    Vs.    handshake     	Score:  (44, 59)
  convergence    Vs.  anti-handshake  	Score:  (62, 57)
  convergence    Vs.      devil       	Score:  (46, 56)
  convergence    Vs.     antit42t     	Score:  (45, 60)
  convergence    Vs.     mistrust     	Score:  (54, 54)
  convergence    Vs.     thieves      	Score:  (50, 75)
  convergence    Vs.      pavlov      	Score:  (100, 100)
  convergence    Vs.     tit4tat      	Score:  (100, 100)
  convergence    Vs.      angel       	Score:  (100, 100)
     theves      Vs.     bygones      	Score:  (66, 56)
     theves      Vs.     twotats      	Score:  (66, 56)
     theves      Vs.   lisper_65-36   	Score:  (52, 57)
     theves      Vs.     schemer      	Score:  (142, -8)
     theves      Vs.      shark       	Score:  (63, 58)
    bygones      Vs.     thieves      	Score:  (56, 66)
    bygones      Vs.      pavlov      	Score:  (100, 100)
    bygones      Vs.     tit4tat      	Score:  (100, 100)
    bygones      Vs.      angel       	Score:  (100, 100)
    twotats      Vs.   lisper_65-36   	Score:  (50, 60)
    twotats      Vs.     schemer      	Score:  (52, 122)
    twotats      Vs.      shark       	Score:  (100, 100)
    twotats      Vs.      random      	Score:  (48, 118)
    twotats      Vs.   t4t-missile    	Score:  (33, 118)
    twotats      Vs.    handshake     	Score:  (46, 56)
    twotats      Vs.  anti-handshake  	Score:  (87, 102)
    twotats      Vs.      devil       	Score:  (46, 56)
    twotats      Vs.     antit42t     	Score:  (33, 118)
    twotats      Vs.     mistrust     	Score:  (97, 102)
    twotats      Vs.     thieves      	Score:  (56, 66)
    twotats      Vs.      pavlov      	Score:  (100, 100)
    twotats      Vs.     tit4tat      	Score:  (100, 100)
    twotats      Vs.      angel       	Score:  (100, 100)
  lisper_65-36   Vs.     schemer      	Score:  (132, 2)
  lisper_65-36   Vs.      shark       	Score:  (57, 52)
  lisper_65-36   Vs.      random      	Score:  (105, 20)
  lisper_65-36   Vs.   t4t-missile    	Score:  (48, 58)
     shark       Vs.   t4t-missile    	Score:  (49, 54)
     shark       Vs.    handshake     	Score:  (48, 53)
     shark       Vs.  anti-handshake  	Score:  (64, 64)
     shark       Vs.      devil       	Score:  (48, 53)
     shark       Vs.     antit42t     	Score:  (49, 54)
     shark       Vs.     mistrust     	Score:  (99, 99)
     shark       Vs.     thieves      	Score:  (58, 63)
     shark       Vs.      pavlov      	Score:  (100, 100)
     shark       Vs.     tit4tat      	Score:  (100, 100)
     shark       Vs.      angel       	Score:  (100, 100)
     random      Vs.   t4t-missile    	Score:  (21, 116)
     random      Vs.    handshake     	Score:  (12, 107)
     random      Vs.  anti-handshake  	Score:  (73, 73)
     random      Vs.      devil       	Score:  (-4, 131)
     random      Vs.     antit42t     	Score:  (27, 107)
     random      Vs.     mistrust     	Score:  (74, 74)
     random      Vs.     thieves      	Score:  (-6, 139)
     random      Vs.      pavlov      	Score:  (85, 65)
     random      Vs.     tit4tat      	Score:  (76, 71)
     random      Vs.      angel       	Score:  (154, 19)
  t4t-missile    Vs.    handshake     	Score:  (48, 53)
  t4t-missile    Vs.  anti-handshake  	Score:  (57, 47)
     devil       Vs.     antit42t     	Score:  (53, 48)
     devil       Vs.     mistrust     	Score:  (56, 46)
     devil       Vs.     thieves      	Score:  (53, 48)
     devil       Vs.      pavlov      	Score:  (125, 0)
     devil       Vs.     tit4tat      	Score:  (53, 48)
     devil       Vs.      angel       	Score:  (200, -50)
    antit42t         theves      Vs.      random      	Score:  (129, 4)
     theves      Vs.   t4t-missile    	Score:  (49, 54)
     theves      Vs.    handshake     	Score:  (48, 53)
     theves      Vs.  anti-handshake  	Score:  (55, 50)
     theves      Vs.      devil       	Score:  (48, 53)
     theves      Vs.     antit42t     	Score:  (49, 54)
     theves      Vs.     mistrust     	Score:  (54, 49)
     theves      Vs.     thieves      	Score:  (99, 99)
     theves      Vs.      pavlov      	Score:  (120, 20)
     theves      Vs.     tit4tat      	Score:  (63, 58)
     theves      Vs.      angel       	Score:  (180, -20)
    bygones      Vs.     twotats      	Score:  (100, 100)
    bygones      Vs.   lisper_65-36   	Score:  (52, 57)
    bygones      Vs.     schemer      	Score:  (56, 116)
    bygones      Vs.      shark       	Score:  (100, 100)
    bygones      Vs.      random      	Score:  (57, 102)
    bygones      Vs.   t4t-missile    	Score:  (49, 54)
    bygones      Vs.    handshake     	Score:  (48, 53)
    bygones      Vs.  anti-handshake  	Score:  (91, 96)
    bygones      Vs.      devil       	Score:  (48, 53)
    bygones      Vs.     antit42t     	Score:  (49, 54)
    bygones      Vs.     mistrust     	Score:  (99, 99)
  lisper_65-36   Vs.    handshake     	Score:  (42, 62)
  lisper_65-36   Vs.  anti-handshake  	Score:  (51, 56)
  lisper_65-36   Vs.      devil       	Score:  (42, 62)
  lisper_65-36   Vs.     antit42t     	Score:  (48, 58)
  lisper_65-36   Vs.     mistrust     	Score:  (54, 54)
  lisper_65-36   Vs.     thieves      	Score:  (57, 52)
  lisper_65-36   Vs.      pavlov      	Score:  (123, 8)
  lisper_65-36   Vs.     tit4tat      	Score:  (57, 52)
  lisper_65-36   Vs.      angel       	Score:  (192, -38)
    schemer      Vs.      shark       	Score:  (71, 86)
    schemer      Vs.      random      	Score:  (50, 100)
    schemer      Vs.   t4t-missile    	Score:  (15, 125)
    schemer      Vs.    handshake     	Score:  (-10, 140)
    schemer      Vs.  anti-handshake  	Score:  (74, 84)
    schemer      Vs.      devil       	Score:  (-20, 155)
    schemer      Vs.     antit42t     	Score:  (17, 122)
    schemer      Vs.     mistrust     	Score:  (78, 83)
    schemer      Vs.     thieves      	Score:  (-6, 139)
    schemer      Vs.      pavlov      	Score:  (65, 90)
    schemer      Vs.     tit4tat      	Score:  (80, 80)
    schemer      Vs.      angel       	Score:  (138, 43)
     shark       Vs.      random      	Score:  (78, 78)
  t4t-missile    Vs.      devil       	Score:  (48, 53)
  t4t-missile    Vs.     antit42t     	Score:  (51, 51)
  t4t-missile    Vs.     mistrust     	Score:  (55, 50)
  t4t-missile    Vs.     thieves      	Score:  (54, 49)
  t4t-missile    Vs.      pavlov      	Score:  (126, 1)
  t4t-missile    Vs.     tit4tat      	Score:  (54, 49)
  t4t-missile    Vs.      angel       	Score:  (166, 1)
   handshake     Vs.  anti-handshake  	Score:  (59, 44)
   handshake     Vs.      devil       	Score:  (48, 53)
   handshake     Vs.     antit42t     	Score:  (53, 48)
   handshake     Vs.     mistrust     	Score:  (54, 49)
   handshake     Vs.     thieves      	Score:  (53, 48)
   handshake     Vs.      pavlov      	Score:  (125, 0)
   handshake     Vs.     tit4tat      	Score:  (53, 48)
   handshake     Vs.      angel       	Score:  (200, -50)
 anti-handshake  Vs.      devil       	Score:  (44, 59)
 anti-handshake  Vs.     antit42t     	Score:  (47, 57)
 anti-handshake  Vs.     mistrust     	Score:  (76, 71)
 anti-handshake  Vs.     thieves      	Score:  (50, 55)
 anti-handshake  Vs.      pavlov      	Score:  (73, 63)
 anti-handshake  Vs.     tit4tat      	Score:  (76, 71)
 anti-handshake  Vs.      angel       	Score:  (114, 79)
     theves      Vs.      theves      	Score:  (99, 99)
    bygones      Vs.     bygones      	Score:  (100, 100)
    twotats      Vs.     twotats      	Score:  (100, 100)
  lisper_65-36   Vs.   lisper_65-36   	Score:  (54, 54)
    schemer      Vs.     schemer      	Score:  (84, 79)
     shark       Vs.      shark       	Score:  (100, 100)
     random      Vs.      random    Vs.     mistrust     	Score:  (55, 50)
    antit42t     Vs.     thieves      	Score:  (54, 49)
    antit42t     Vs.      pavlov      	Score:  (126, 1)
    antit42t     Vs.     tit4tat      	Score:  (54, 49)
    antit42t     Vs.      angel       	Score:  (166, 1)
    mistrust     Vs.     thieves      	Score:  (49, 54)
    mistrust     Vs.      pavlov      	Score:  (67, 67)
    mistrust     Vs.     tit4tat      	Score:  (99, 99)
    mistrust     Vs.      angel       	Score:  (102, 97)
    thieves      Vs.      pavlov      	Score:  (120, 20)
    thieves      Vs.     tit4tat      	Score:  (63, 58)
    thieves      Vs.      angel       	Score:  (180, -20)
     pavlov      Vs.     tit4tat      	Score:  (100, 100)
     pavlov      Vs.      angel       	Score:  (100, 100)
    tit4tat      Vs.      angel       	Score:  (100, 100)
  convergence    Vs.   convergence    	Score:  (100, 100)
   	Score:  (75, 75)
  t4t-missile    Vs.   t4t-missile    	Score:  (51, 51)
   handshake     Vs.    handshake     	Score:  (92, 92)
 anti-handshake  Vs.  anti-handshake  	Score:  (53, 53)
     devil       Vs.      devil       	Score:  (50, 50)
    antit42t     Vs.     antit42t     	Score:  (51, 51)
    mistrust     Vs.     mistrust     	Score:  (99, 99)
    thieves      Vs.     thieves      	Score:  (99, 99)
     pavlov      Vs.      pavlov      	Score:  (100, 100)
    tit4tat      Vs.     tit4tat      	Score:  (100, 100)
     angel       Vs.      angel       	Score:  (100, 100)


angel 762
schemer 943
pavlov 1035
random 1074
anti-handshake 1206
mistrust 1296
twotats 1304
lisper_65-36 1305
convergence 1307
antit42t 1337
t4t-missile 1343
bygones 1361
handshake 1373
devil 1374
tit4tat 1383
shark 1389
theves 1457
thieves 1464
	Winner is thieves
-------------------------------------------------------------------------------- 
Final Results:
convergence 0
theves 0
tit4tat 0
devil 0
angel 0
antit42t 0
lisper_65-36 0
t4t-missile 0
schemer 0
mistrust 0
random 0
bygones 0
shark 0
handshake 0
anti-handshake 0
twotats 0
pavlov 0
thieves 1
Final Winner is thieves!
